Performing C SOURCE FILE Test CMAKE_HAVE_LIBC_PTHREAD failed with the following output:
Change Dir: /home/psy/CLionProjects/fractol_gh/fractol/cmake-build-debug/CMakeFiles/CMakeTmp

Run Build Command(s):/usr/bin/make cmTC_da033/fast && /usr/bin/make  -f CMakeFiles/cmTC_da033.dir/build.make CMakeFiles/cmTC_da033.dir/build
make[1]: вход в каталог «/home/psy/CLionProjects/fractol_gh/fractol/cmake-build-debug/CMakeFiles/CMakeTmp»
Building C object CMakeFiles/cmTC_da033.dir/src.c.o
/usr/bin/cc   -DCMAKE_HAVE_LIBC_PTHREAD   -std=gnu99 -o CMakeFiles/cmTC_da033.dir/src.c.o   -c /home/psy/CLionProjects/fractol_gh/fractol/cmake-build-debug/CMakeFiles/CMakeTmp/src.c
Linking C executable cmTC_da033
/home/psy/Clion/clion-2019.3.3/bin/cmake/linux/bin/cmake -E cmake_link_script CMakeFiles/cmTC_da033.dir/link.txt --verbose=1
/usr/bin/cc  -DCMAKE_HAVE_LIBC_PTHREAD    CMakeFiles/cmTC_da033.dir/src.c.o  -o cmTC_da033 
/usr/bin/ld: CMakeFiles/cmTC_da033.dir/src.c.o: в функции «main»:
src.c:(.text+0x46): неопределённая ссылка на «pthread_create»
/usr/bin/ld: src.c:(.text+0x52): неопределённая ссылка на «pthread_detach»
/usr/bin/ld: src.c:(.text+0x5e): неопределённая ссылка на «pthread_cancel»
/usr/bin/ld: src.c:(.text+0x6f): неопределённая ссылка на «pthread_join»
collect2: error: ld returned 1 exit status
make[1]: *** [CMakeFiles/cmTC_da033.dir/build.make:107: cmTC_da033] Ошибка 1
make[1]: выход из каталога «/home/psy/CLionProjects/fractol_gh/fractol/cmake-build-debug/CMakeFiles/CMakeTmp»
make: *** [Makefile:141: cmTC_da033/fast] Ошибка 2


Source file was:
#include <pthread.h>

void* test_func(void* data)
{
  return data;
}

int main(void)
{
  pthread_t thread;
  pthread_create(&thread, NULL, test_func, NULL);
  pthread_detach(thread);
  pthread_cancel(thread);
  pthread_join(thread, NULL);
  pthread_atfork(NULL, NULL, NULL);
  pthread_exit(NULL);

  return 0;
}

Determining if the function pthread_create exists in the pthreads failed with the following output:
Change Dir: /home/psy/CLionProjects/fractol_gh/fractol/cmake-build-debug/CMakeFiles/CMakeTmp

Run Build Command(s):/usr/bin/make cmTC_189a6/fast && /usr/bin/make  -f CMakeFiles/cmTC_189a6.dir/build.make CMakeFiles/cmTC_189a6.dir/build
make[1]: вход в каталог «/home/psy/CLionProjects/fractol_gh/fractol/cmake-build-debug/CMakeFiles/CMakeTmp»
Building C object CMakeFiles/cmTC_189a6.dir/CheckFunctionExists.c.o
/usr/bin/cc   -DCHECK_FUNCTION_EXISTS=pthread_create   -std=gnu99 -o CMakeFiles/cmTC_189a6.dir/CheckFunctionExists.c.o   -c /home/psy/Clion/clion-2019.3.3/bin/cmake/linux/share/cmake-3.17/Modules/CheckFunctionExists.c
Linking C executable cmTC_189a6
/home/psy/Clion/clion-2019.3.3/bin/cmake/linux/bin/cmake -E cmake_link_script CMakeFiles/cmTC_189a6.dir/link.txt --verbose=1
/usr/bin/cc  -DCHECK_FUNCTION_EXISTS=pthread_create    CMakeFiles/cmTC_189a6.dir/CheckFunctionExists.c.o  -o cmTC_189a6  -lpthreads 
/usr/bin/ld: невозможно найти -lpthreads
collect2: error: ld returned 1 exit status
make[1]: *** [CMakeFiles/cmTC_189a6.dir/build.make:107: cmTC_189a6] Ошибка 1
make[1]: выход из каталога «/home/psy/CLionProjects/fractol_gh/fractol/cmake-build-debug/CMakeFiles/CMakeTmp»
make: *** [Makefile:141: cmTC_189a6/fast] Ошибка 2



